2021-09-08 08:15:59.315  INFO 7880 --- [main] mg.rmahatoky.carapi.CarApiApplication    : Starting CarApiApplication using Java 1.8.0_231 on D2019Q31H0 with PID 7880 (D:\Utilisateurs\Mahatoky\Dossiers\Exo\CarApi\carapi\target\classes started by mahatoky in D:\Utilisateurs\Mahatoky\Dossiers\Exo\CarApi\carapi)
2021-09-08 08:15:59.319  INFO 7880 --- [main] mg.rmahatoky.carapi.CarApiApplication    : No active profile set, falling back to default profiles: default
2021-09-08 08:15:59.787  INFO 7880 --- [main] .s.d.r.c.RepositoryConfigurationDelegate : Bootstrapping Spring Data JPA repositories in DEFAULT mode.
2021-09-08 08:15:59.845  INFO 7880 --- [main] .s.d.r.c.RepositoryConfigurationDelegate : Finished Spring Data repository scanning in 51 ms. Found 3 JPA repository interfaces.
2021-09-08 08:16:00.306  INFO 7880 --- [main] o.s.b.w.embedded.tomcat.TomcatWebServer  : Tomcat initialized with port(s): 9090 (http)
2021-09-08 08:16:00.313  INFO 7880 --- [main] o.apache.catalina.core.StandardService   : Starting service [Tomcat]
2021-09-08 08:16:00.313  INFO 7880 --- [main] org.apache.catalina.core.StandardEngine  : Starting Servlet engine: [Apache Tomcat/9.0.48]
2021-09-08 08:16:00.384  INFO 7880 --- [main] o.a.c.c.C.[Tomcat].[localhost].[/]       : Initializing Spring embedded WebApplicationContext
2021-09-08 08:16:00.385  INFO 7880 --- [main] w.s.c.ServletWebServerApplicationContext : Root WebApplicationContext: initialization completed in 1022 ms
2021-09-08 08:16:00.410  INFO 7880 --- [main] com.zaxxer.hikari.HikariDataSource       : HikariPool-1 - Starting...
2021-09-08 08:16:00.498  INFO 7880 --- [main] com.zaxxer.hikari.HikariDataSource       : HikariPool-1 - Start completed.
2021-09-08 08:16:00.502  INFO 7880 --- [main] o.s.b.a.h2.H2ConsoleAutoConfiguration    : H2 console available at '/h2-console'. Database available at 'jdbc:h2:mem:carapi'
2021-09-08 08:16:00.680  INFO 7880 --- [main] o.hibernate.jpa.internal.util.LogHelper  : HHH000204: Processing PersistenceUnitInfo [name: default]
2021-09-08 08:16:00.711  INFO 7880 --- [main] org.hibernate.Version                    : HHH000412: Hibernate ORM core version 5.4.32.Final
2021-09-08 08:16:00.829  INFO 7880 --- [main] o.hibernate.annotations.common.Version   : HCANN000001: Hibernate Commons Annotations {5.1.2.Final}
2021-09-08 08:16:00.911  INFO 7880 --- [main] org.hibernate.dialect.Dialect            : HHH000400: Using dialect: org.hibernate.dialect.H2Dialect
2021-09-08 08:16:01.292  INFO 7880 --- [main] o.h.e.t.j.p.i.JtaPlatformInitiator       : HHH000490: Using JtaPlatform implementation: [org.hibernate.engine.transaction.jta.platform.internal.NoJtaPlatform]
2021-09-08 08:16:01.300  INFO 7880 --- [main] j.LocalContainerEntityManagerFactoryBean : Initialized JPA EntityManagerFactory for persistence unit 'default'
2021-09-08 08:16:01.641  INFO 7880 --- [main] .s.s.UserDetailsServiceAutoConfiguration : 

Using generated security password: f85d7c3e-26ec-4a96-a32c-b5f0fc843138

2021-09-08 08:16:01.704  INFO 7880 --- [main] o.s.s.web.DefaultSecurityFilterChain     : Will secure any request with [org.springframework.security.web.context.request.async.WebAsyncManagerIntegrationFilter@7e0f9528, org.springframework.security.web.context.SecurityContextPersistenceFilter@6b5c134e, org.springframework.security.web.header.HeaderWriterFilter@4607d78b, org.springframework.security.web.authentication.logout.LogoutFilter@179ee36b, org.springframework.security.web.savedrequest.RequestCacheAwareFilter@35c8be21, org.springframework.security.web.servletapi.SecurityContextHolderAwareRequestFilter@ddffa6c, org.springframework.security.web.authentication.AnonymousAuthenticationFilter@5f56424d, org.springframework.security.web.session.SessionManagementFilter@52aa7742, org.springframework.security.web.access.ExceptionTranslationFilter@3f866f50, org.springframework.security.web.access.intercept.FilterSecurityInterceptor@221ca495]
2021-09-08 08:16:01.889  WARN 7880 --- [main] ion$DefaultTemplateResolverConfiguration : Cannot find template location: classpath:/templates/ (please add some templates or check your Thymeleaf configuration)
2021-09-08 08:16:01.974  INFO 7880 --- [main] o.s.b.w.embedded.tomcat.TomcatWebServer  : Tomcat started on port(s): 9090 (http) with context path ''
2021-09-08 08:16:01.981  INFO 7880 --- [main] mg.rmahatoky.carapi.CarApiApplication    : Started CarApiApplication in 3.002 seconds (JVM running for 3.655)
2021-09-08 08:24:00.137  INFO 7880 --- [SpringApplicationShutdownHook] j.LocalContainerEntityManagerFactoryBean : Closing JPA EntityManagerFactory for persistence unit 'default'
2021-09-08 08:24:00.139  INFO 7880 --- [SpringApplicationShutdownHook] com.zaxxer.hikari.HikariDataSource       : HikariPool-1 - Shutdown initiated...
2021-09-08 08:24:00.140  INFO 7880 --- [SpringApplicationShutdownHook] com.zaxxer.hikari.HikariDataSource       : HikariPool-1 - Shutdown completed.
2021-09-08 08:24:02.869  INFO 16416 --- [main] mg.rmahatoky.carapi.CarApiApplication    : Starting CarApiApplication using Java 1.8.0_231 on D2019Q31H0 with PID 16416 (D:\Utilisateurs\Mahatoky\Dossiers\Exo\CarApi\carapi\target\classes started by mahatoky in D:\Utilisateurs\Mahatoky\Dossiers\Exo\CarApi\carapi)
2021-09-08 08:24:02.871  INFO 16416 --- [main] mg.rmahatoky.carapi.CarApiApplication    : No active profile set, falling back to default profiles: default
2021-09-08 08:24:03.313  INFO 16416 --- [main] .s.d.r.c.RepositoryConfigurationDelegate : Bootstrapping Spring Data JPA repositories in DEFAULT mode.
2021-09-08 08:24:03.369  INFO 16416 --- [main] .s.d.r.c.RepositoryConfigurationDelegate : Finished Spring Data repository scanning in 49 ms. Found 3 JPA repository interfaces.
2021-09-08 08:24:03.829  INFO 16416 --- [main] o.s.b.w.embedded.tomcat.TomcatWebServer  : Tomcat initialized with port(s): 9090 (http)
2021-09-08 08:24:03.835  INFO 16416 --- [main] o.apache.catalina.core.StandardService   : Starting service [Tomcat]
2021-09-08 08:24:03.835  INFO 16416 --- [main] org.apache.catalina.core.StandardEngine  : Starting Servlet engine: [Apache Tomcat/9.0.48]
2021-09-08 08:24:03.907  INFO 16416 --- [main] o.a.c.c.C.[Tomcat].[localhost].[/]       : Initializing Spring embedded WebApplicationContext
2021-09-08 08:24:03.908  INFO 16416 --- [main] w.s.c.ServletWebServerApplicationContext : Root WebApplicationContext: initialization completed in 991 ms
2021-09-08 08:24:03.929  INFO 16416 --- [main] com.zaxxer.hikari.HikariDataSource       : HikariPool-1 - Starting...
2021-09-08 08:24:04.010  INFO 16416 --- [main] com.zaxxer.hikari.HikariDataSource       : HikariPool-1 - Start completed.
2021-09-08 08:24:04.016  INFO 16416 --- [main] o.s.b.a.h2.H2ConsoleAutoConfiguration    : H2 console available at '/h2-console'. Database available at 'jdbc:h2:mem:carapi'
2021-09-08 08:24:04.184  INFO 16416 --- [main] o.hibernate.jpa.internal.util.LogHelper  : HHH000204: Processing PersistenceUnitInfo [name: default]
2021-09-08 08:24:04.216  INFO 16416 --- [main] org.hibernate.Version                    : HHH000412: Hibernate ORM core version 5.4.32.Final
2021-09-08 08:24:04.342  INFO 16416 --- [main] o.hibernate.annotations.common.Version   : HCANN000001: Hibernate Commons Annotations {5.1.2.Final}
2021-09-08 08:24:04.422  INFO 16416 --- [main] org.hibernate.dialect.Dialect            : HHH000400: Using dialect: org.hibernate.dialect.H2Dialect
2021-09-08 08:24:04.796  INFO 16416 --- [main] o.h.e.t.j.p.i.JtaPlatformInitiator       : HHH000490: Using JtaPlatform implementation: [org.hibernate.engine.transaction.jta.platform.internal.NoJtaPlatform]
2021-09-08 08:24:04.803  INFO 16416 --- [main] j.LocalContainerEntityManagerFactoryBean : Initialized JPA EntityManagerFactory for persistence unit 'default'
2021-09-08 08:24:05.111  INFO 16416 --- [main] .s.s.UserDetailsServiceAutoConfiguration : 

Using generated security password: f06cebf9-1b38-48e2-80f4-5cb9a836e7ce

2021-09-08 08:24:05.181  INFO 16416 --- [main] o.s.s.web.DefaultSecurityFilterChain     : Will secure any request with [org.springframework.security.web.context.request.async.WebAsyncManagerIntegrationFilter@2cc75b25, org.springframework.security.web.context.SecurityContextPersistenceFilter@4af7dd6a, org.springframework.security.web.header.HeaderWriterFilter@3f0ce0d1, org.springframework.security.web.authentication.logout.LogoutFilter@b56ec6c, org.springframework.security.web.savedrequest.RequestCacheAwareFilter@3b28b7b0, org.springframework.security.web.servletapi.SecurityContextHolderAwareRequestFilter@52aa7742, org.springframework.security.web.authentication.AnonymousAuthenticationFilter@30036a18, org.springframework.security.web.session.SessionManagementFilter@5844a2d1, org.springframework.security.web.access.ExceptionTranslationFilter@6b25ef1c, org.springframework.security.web.access.intercept.FilterSecurityInterceptor@ac4915e]
2021-09-08 08:24:05.363  WARN 16416 --- [main] ion$DefaultTemplateResolverConfiguration : Cannot find template location: classpath:/templates/ (please add some templates or check your Thymeleaf configuration)
2021-09-08 08:24:05.440  INFO 16416 --- [main] o.s.b.w.embedded.tomcat.TomcatWebServer  : Tomcat started on port(s): 9090 (http) with context path ''
2021-09-08 08:24:05.447  INFO 16416 --- [main] mg.rmahatoky.carapi.CarApiApplication    : Started CarApiApplication in 2.913 seconds (JVM running for 3.575)
2021-09-08 08:25:30.538  INFO 16416 --- [SpringApplicationShutdownHook] j.LocalContainerEntityManagerFactoryBean : Closing JPA EntityManagerFactory for persistence unit 'default'
2021-09-08 08:25:30.540  INFO 16416 --- [SpringApplicationShutdownHook] com.zaxxer.hikari.HikariDataSource       : HikariPool-1 - Shutdown initiated...
2021-09-08 08:25:30.541  INFO 16416 --- [SpringApplicationShutdownHook] com.zaxxer.hikari.HikariDataSource       : HikariPool-1 - Shutdown completed.
2021-09-08 08:25:33.225  INFO 1336 --- [main] mg.rmahatoky.carapi.CarApiApplication    : Starting CarApiApplication using Java 1.8.0_231 on D2019Q31H0 with PID 1336 (D:\Utilisateurs\Mahatoky\Dossiers\Exo\CarApi\carapi\target\classes started by mahatoky in D:\Utilisateurs\Mahatoky\Dossiers\Exo\CarApi\carapi)
2021-09-08 08:25:33.228  INFO 1336 --- [main] mg.rmahatoky.carapi.CarApiApplication    : No active profile set, falling back to default profiles: default
2021-09-08 08:25:33.647  INFO 1336 --- [main] .s.d.r.c.RepositoryConfigurationDelegate : Bootstrapping Spring Data JPA repositories in DEFAULT mode.
2021-09-08 08:25:33.705  INFO 1336 --- [main] .s.d.r.c.RepositoryConfigurationDelegate : Finished Spring Data repository scanning in 50 ms. Found 3 JPA repository interfaces.
2021-09-08 08:25:34.172  INFO 1336 --- [main] o.s.b.w.embedded.tomcat.TomcatWebServer  : Tomcat initialized with port(s): 9090 (http)
2021-09-08 08:25:34.179  INFO 1336 --- [main] o.apache.catalina.core.StandardService   : Starting service [Tomcat]
2021-09-08 08:25:34.179  INFO 1336 --- [main] org.apache.catalina.core.StandardEngine  : Starting Servlet engine: [Apache Tomcat/9.0.48]
2021-09-08 08:25:34.250  INFO 1336 --- [main] o.a.c.c.C.[Tomcat].[localhost].[/]       : Initializing Spring embedded WebApplicationContext
2021-09-08 08:25:34.251  INFO 1336 --- [main] w.s.c.ServletWebServerApplicationContext : Root WebApplicationContext: initialization completed in 986 ms
2021-09-08 08:25:34.274  INFO 1336 --- [main] com.zaxxer.hikari.HikariDataSource       : HikariPool-1 - Starting...
2021-09-08 08:25:34.363  INFO 1336 --- [main] com.zaxxer.hikari.HikariDataSource       : HikariPool-1 - Start completed.
2021-09-08 08:25:34.368  INFO 1336 --- [main] o.s.b.a.h2.H2ConsoleAutoConfiguration    : H2 console available at '/h2-console'. Database available at 'jdbc:h2:mem:carapi'
2021-09-08 08:25:34.538  INFO 1336 --- [main] o.hibernate.jpa.internal.util.LogHelper  : HHH000204: Processing PersistenceUnitInfo [name: default]
2021-09-08 08:25:34.569  INFO 1336 --- [main] org.hibernate.Version                    : HHH000412: Hibernate ORM core version 5.4.32.Final
2021-09-08 08:25:34.707  INFO 1336 --- [main] o.hibernate.annotations.common.Version   : HCANN000001: Hibernate Commons Annotations {5.1.2.Final}
2021-09-08 08:25:34.785  INFO 1336 --- [main] org.hibernate.dialect.Dialect            : HHH000400: Using dialect: org.hibernate.dialect.H2Dialect
2021-09-08 08:25:35.160  INFO 1336 --- [main] o.h.e.t.j.p.i.JtaPlatformInitiator       : HHH000490: Using JtaPlatform implementation: [org.hibernate.engine.transaction.jta.platform.internal.NoJtaPlatform]
2021-09-08 08:25:35.168  INFO 1336 --- [main] j.LocalContainerEntityManagerFactoryBean : Initialized JPA EntityManagerFactory for persistence unit 'default'
2021-09-08 08:25:35.487  INFO 1336 --- [main] .s.s.UserDetailsServiceAutoConfiguration : 

Using generated security password: 3454a16a-8d11-4ee5-94b6-6ec4eb005957

2021-09-08 08:25:35.558  INFO 1336 --- [main] o.s.s.web.DefaultSecurityFilterChain     : Will secure any request with [org.springframework.security.web.context.request.async.WebAsyncManagerIntegrationFilter@3ccb12d, org.springframework.security.web.context.SecurityContextPersistenceFilter@566c1e71, org.springframework.security.web.header.HeaderWriterFilter@1aedf08d, org.springframework.security.web.authentication.logout.LogoutFilter@bd93bc3, org.springframework.security.web.savedrequest.RequestCacheAwareFilter@504497fa, org.springframework.security.web.servletapi.SecurityContextHolderAwareRequestFilter@35c8be21, org.springframework.security.web.authentication.AnonymousAuthenticationFilter@28b458e6, org.springframework.security.web.session.SessionManagementFilter@3b28b7b0, org.springframework.security.web.access.ExceptionTranslationFilter@3f0ce0d1, org.springframework.security.web.access.intercept.FilterSecurityInterceptor@23648d2d]
2021-09-08 08:25:35.744  WARN 1336 --- [main] ion$DefaultTemplateResolverConfiguration : Cannot find template location: classpath:/templates/ (please add some templates or check your Thymeleaf configuration)
2021-09-08 08:25:35.825  INFO 1336 --- [main] o.s.b.w.embedded.tomcat.TomcatWebServer  : Tomcat started on port(s): 9090 (http) with context path ''
2021-09-08 08:25:35.832  INFO 1336 --- [main] mg.rmahatoky.carapi.CarApiApplication    : Started CarApiApplication in 2.925 seconds (JVM running for 3.543)
2021-09-08 08:28:40.205  INFO 1336 --- [SpringApplicationShutdownHook] j.LocalContainerEntityManagerFactoryBean : Closing JPA EntityManagerFactory for persistence unit 'default'
2021-09-08 08:28:40.207  INFO 1336 --- [SpringApplicationShutdownHook] com.zaxxer.hikari.HikariDataSource       : HikariPool-1 - Shutdown initiated...
2021-09-08 08:28:40.208  INFO 1336 --- [SpringApplicationShutdownHook] com.zaxxer.hikari.HikariDataSource       : HikariPool-1 - Shutdown completed.
2021-09-08 08:49:23.356  INFO 22132 --- [main] mg.rmahatoky.carapi.CarApiApplication    : Starting CarApiApplication using Java 1.8.0_231 on D2019Q31H0 with PID 22132 (D:\Utilisateurs\Mahatoky\Dossiers\Exo\CarApi\carapi\target\classes started by mahatoky in D:\Utilisateurs\Mahatoky\Dossiers\Exo\CarApi\carapi)
2021-09-08 08:49:23.359  INFO 22132 --- [main] mg.rmahatoky.carapi.CarApiApplication    : No active profile set, falling back to default profiles: default
2021-09-08 08:49:23.788  INFO 22132 --- [main] .s.d.r.c.RepositoryConfigurationDelegate : Bootstrapping Spring Data JPA repositories in DEFAULT mode.
2021-09-08 08:49:23.843  INFO 22132 --- [main] .s.d.r.c.RepositoryConfigurationDelegate : Finished Spring Data repository scanning in 48 ms. Found 3 JPA repository interfaces.
2021-09-08 08:49:24.290  INFO 22132 --- [main] o.s.b.w.embedded.tomcat.TomcatWebServer  : Tomcat initialized with port(s): 9090 (http)
2021-09-08 08:49:24.296  INFO 22132 --- [main] o.apache.catalina.core.StandardService   : Starting service [Tomcat]
2021-09-08 08:49:24.296  INFO 22132 --- [main] org.apache.catalina.core.StandardEngine  : Starting Servlet engine: [Apache Tomcat/9.0.48]
2021-09-08 08:49:24.367  INFO 22132 --- [main] o.a.c.c.C.[Tomcat].[localhost].[/]       : Initializing Spring embedded WebApplicationContext
2021-09-08 08:49:24.367  INFO 22132 --- [main] w.s.c.ServletWebServerApplicationContext : Root WebApplicationContext: initialization completed in 961 ms
2021-09-08 08:49:24.389  INFO 22132 --- [main] com.zaxxer.hikari.HikariDataSource       : HikariPool-1 - Starting...
2021-09-08 08:49:24.475  INFO 22132 --- [main] com.zaxxer.hikari.HikariDataSource       : HikariPool-1 - Start completed.
2021-09-08 08:49:24.479  INFO 22132 --- [main] o.s.b.a.h2.H2ConsoleAutoConfiguration    : H2 console available at '/h2-console'. Database available at 'jdbc:h2:mem:carapi'
2021-09-08 08:49:24.649  INFO 22132 --- [main] o.hibernate.jpa.internal.util.LogHelper  : HHH000204: Processing PersistenceUnitInfo [name: default]
2021-09-08 08:49:24.681  INFO 22132 --- [main] org.hibernate.Version                    : HHH000412: Hibernate ORM core version 5.4.32.Final
2021-09-08 08:49:24.800  INFO 22132 --- [main] o.hibernate.annotations.common.Version   : HCANN000001: Hibernate Commons Annotations {5.1.2.Final}
2021-09-08 08:49:24.878  INFO 22132 --- [main] org.hibernate.dialect.Dialect            : HHH000400: Using dialect: org.hibernate.dialect.H2Dialect
2021-09-08 08:49:25.244  INFO 22132 --- [main] o.h.e.t.j.p.i.JtaPlatformInitiator       : HHH000490: Using JtaPlatform implementation: [org.hibernate.engine.transaction.jta.platform.internal.NoJtaPlatform]
2021-09-08 08:49:25.251  INFO 22132 --- [main] j.LocalContainerEntityManagerFactoryBean : Initialized JPA EntityManagerFactory for persistence unit 'default'
2021-09-08 08:49:25.567  INFO 22132 --- [main] .s.s.UserDetailsServiceAutoConfiguration : 

Using generated security password: bf3d2fed-a513-4d39-9d22-df2284788349

2021-09-08 08:49:25.641  INFO 22132 --- [main] o.s.s.web.DefaultSecurityFilterChain     : Will secure any request with [org.springframework.security.web.context.request.async.WebAsyncManagerIntegrationFilter@6682e6a5, org.springframework.security.web.context.SecurityContextPersistenceFilter@423f8a73, org.springframework.security.web.header.HeaderWriterFilter@72b2c5ed, org.springframework.security.web.authentication.logout.LogoutFilter@7b91d9f, org.springframework.security.web.savedrequest.RequestCacheAwareFilter@113dcaf8, org.springframework.security.web.servletapi.SecurityContextHolderAwareRequestFilter@3b28b7b0, org.springframework.security.web.authentication.AnonymousAuthenticationFilter@ac4915e, org.springframework.security.web.session.SessionManagementFilter@664db2ca, org.springframework.security.web.access.ExceptionTranslationFilter@4e4395c, org.springframework.security.web.access.intercept.FilterSecurityInterceptor@30159886]
2021-09-08 08:49:25.836  WARN 22132 --- [main] ion$DefaultTemplateResolverConfiguration : Cannot find template location: classpath:/templates/ (please add some templates or check your Thymeleaf configuration)
2021-09-08 08:49:25.915  INFO 22132 --- [main] o.s.b.w.embedded.tomcat.TomcatWebServer  : Tomcat started on port(s): 9090 (http) with context path ''
2021-09-08 08:49:25.922  INFO 22132 --- [main] mg.rmahatoky.carapi.CarApiApplication    : Started CarApiApplication in 2.923 seconds (JVM running for 3.545)
2021-09-08 08:50:09.015  INFO 22132 --- [SpringApplicationShutdownHook] j.LocalContainerEntityManagerFactoryBean : Closing JPA EntityManagerFactory for persistence unit 'default'
2021-09-08 08:50:09.017  INFO 22132 --- [SpringApplicationShutdownHook] com.zaxxer.hikari.HikariDataSource       : HikariPool-1 - Shutdown initiated...
2021-09-08 08:50:09.018  INFO 22132 --- [SpringApplicationShutdownHook] com.zaxxer.hikari.HikariDataSource       : HikariPool-1 - Shutdown completed.
2021-09-08 08:50:12.007  INFO 2888 --- [main] mg.rmahatoky.carapi.CarApiApplication    : Starting CarApiApplication using Java 1.8.0_231 on D2019Q31H0 with PID 2888 (D:\Utilisateurs\Mahatoky\Dossiers\Exo\CarApi\carapi\target\classes started by mahatoky in D:\Utilisateurs\Mahatoky\Dossiers\Exo\CarApi\carapi)
2021-09-08 08:50:12.010  INFO 2888 --- [main] mg.rmahatoky.carapi.CarApiApplication    : No active profile set, falling back to default profiles: default
2021-09-08 08:50:12.417  INFO 2888 --- [main] .s.d.r.c.RepositoryConfigurationDelegate : Bootstrapping Spring Data JPA repositories in DEFAULT mode.
2021-09-08 08:50:12.470  INFO 2888 --- [main] .s.d.r.c.RepositoryConfigurationDelegate : Finished Spring Data repository scanning in 47 ms. Found 3 JPA repository interfaces.
2021-09-08 08:50:12.914  INFO 2888 --- [main] o.s.b.w.embedded.tomcat.TomcatWebServer  : Tomcat initialized with port(s): 9090 (http)
2021-09-08 08:50:12.920  INFO 2888 --- [main] o.apache.catalina.core.StandardService   : Starting service [Tomcat]
2021-09-08 08:50:12.921  INFO 2888 --- [main] org.apache.catalina.core.StandardEngine  : Starting Servlet engine: [Apache Tomcat/9.0.48]
2021-09-08 08:50:12.990  INFO 2888 --- [main] o.a.c.c.C.[Tomcat].[localhost].[/]       : Initializing Spring embedded WebApplicationContext
2021-09-08 08:50:12.990  INFO 2888 --- [main] w.s.c.ServletWebServerApplicationContext : Root WebApplicationContext: initialization completed in 943 ms
2021-09-08 08:50:13.012  INFO 2888 --- [main] com.zaxxer.hikari.HikariDataSource       : HikariPool-1 - Starting...
2021-09-08 08:50:13.097  INFO 2888 --- [main] com.zaxxer.hikari.HikariDataSource       : HikariPool-1 - Start completed.
2021-09-08 08:50:13.102  INFO 2888 --- [main] o.s.b.a.h2.H2ConsoleAutoConfiguration    : H2 console available at '/h2-console'. Database available at 'jdbc:h2:mem:carapi'
2021-09-08 08:50:13.269  INFO 2888 --- [main] o.hibernate.jpa.internal.util.LogHelper  : HHH000204: Processing PersistenceUnitInfo [name: default]
2021-09-08 08:50:13.301  INFO 2888 --- [main] org.hibernate.Version                    : HHH000412: Hibernate ORM core version 5.4.32.Final
2021-09-08 08:50:13.420  INFO 2888 --- [main] o.hibernate.annotations.common.Version   : HCANN000001: Hibernate Commons Annotations {5.1.2.Final}
2021-09-08 08:50:13.498  INFO 2888 --- [main] org.hibernate.dialect.Dialect            : HHH000400: Using dialect: org.hibernate.dialect.H2Dialect
2021-09-08 08:50:13.865  INFO 2888 --- [main] o.h.e.t.j.p.i.JtaPlatformInitiator       : HHH000490: Using JtaPlatform implementation: [org.hibernate.engine.transaction.jta.platform.internal.NoJtaPlatform]
2021-09-08 08:50:13.872  INFO 2888 --- [main] j.LocalContainerEntityManagerFactoryBean : Initialized JPA EntityManagerFactory for persistence unit 'default'
2021-09-08 08:50:14.187  INFO 2888 --- [main] .s.s.UserDetailsServiceAutoConfiguration : 

Using generated security password: b2c88478-2cd7-4e94-82cf-7111cc60114b

2021-09-08 08:50:14.258  INFO 2888 --- [main] o.s.s.web.DefaultSecurityFilterChain     : Will secure any request with [org.springframework.security.web.context.request.async.WebAsyncManagerIntegrationFilter@30036a18, org.springframework.security.web.context.SecurityContextPersistenceFilter@4af7dd6a, org.springframework.security.web.header.HeaderWriterFilter@3f0ce0d1, org.springframework.security.web.authentication.logout.LogoutFilter@b56ec6c, org.springframework.security.web.savedrequest.RequestCacheAwareFilter@3b28b7b0, org.springframework.security.web.servletapi.SecurityContextHolderAwareRequestFilter@52aa7742, org.springframework.security.web.authentication.AnonymousAuthenticationFilter@537b3b2e, org.springframework.security.web.session.SessionManagementFilter@5844a2d1, org.springframework.security.web.access.ExceptionTranslationFilter@6b25ef1c, org.springframework.security.web.access.intercept.FilterSecurityInterceptor@10fb4575]
2021-09-08 08:50:14.438  WARN 2888 --- [main] ion$DefaultTemplateResolverConfiguration : Cannot find template location: classpath:/templates/ (please add some templates or check your Thymeleaf configuration)
2021-09-08 08:50:14.513  INFO 2888 --- [main] o.s.b.w.embedded.tomcat.TomcatWebServer  : Tomcat started on port(s): 9090 (http) with context path ''
2021-09-08 08:50:14.521  INFO 2888 --- [main] mg.rmahatoky.carapi.CarApiApplication    : Started CarApiApplication in 2.834 seconds (JVM running for 3.446)
2021-09-08 08:50:26.674  INFO 2888 --- [SpringApplicationShutdownHook] j.LocalContainerEntityManagerFactoryBean : Closing JPA EntityManagerFactory for persistence unit 'default'
2021-09-08 08:50:26.676  INFO 2888 --- [SpringApplicationShutdownHook] com.zaxxer.hikari.HikariDataSource       : HikariPool-1 - Shutdown initiated...
2021-09-08 08:50:26.677  INFO 2888 --- [SpringApplicationShutdownHook] com.zaxxer.hikari.HikariDataSource       : HikariPool-1 - Shutdown completed.
2021-09-08 08:50:29.512  INFO 21520 --- [main] mg.rmahatoky.carapi.CarApiApplication    : Starting CarApiApplication using Java 1.8.0_231 on D2019Q31H0 with PID 21520 (D:\Utilisateurs\Mahatoky\Dossiers\Exo\CarApi\carapi\target\classes started by mahatoky in D:\Utilisateurs\Mahatoky\Dossiers\Exo\CarApi\carapi)
2021-09-08 08:50:29.514  INFO 21520 --- [main] mg.rmahatoky.carapi.CarApiApplication    : No active profile set, falling back to default profiles: default
2021-09-08 08:50:29.921  INFO 21520 --- [main] .s.d.r.c.RepositoryConfigurationDelegate : Bootstrapping Spring Data JPA repositories in DEFAULT mode.
2021-09-08 08:50:29.973  INFO 21520 --- [main] .s.d.r.c.RepositoryConfigurationDelegate : Finished Spring Data repository scanning in 46 ms. Found 3 JPA repository interfaces.
2021-09-08 08:50:30.417  INFO 21520 --- [main] o.s.b.w.embedded.tomcat.TomcatWebServer  : Tomcat initialized with port(s): 9090 (http)
2021-09-08 08:50:30.423  INFO 21520 --- [main] o.apache.catalina.core.StandardService   : Starting service [Tomcat]
2021-09-08 08:50:30.424  INFO 21520 --- [main] org.apache.catalina.core.StandardEngine  : Starting Servlet engine: [Apache Tomcat/9.0.48]
2021-09-08 08:50:30.492  INFO 21520 --- [main] o.a.c.c.C.[Tomcat].[localhost].[/]       : Initializing Spring embedded WebApplicationContext
2021-09-08 08:50:30.493  INFO 21520 --- [main] w.s.c.ServletWebServerApplicationContext : Root WebApplicationContext: initialization completed in 938 ms
2021-09-08 08:50:30.518  INFO 21520 --- [main] com.zaxxer.hikari.HikariDataSource       : HikariPool-1 - Starting...
2021-09-08 08:50:30.601  INFO 21520 --- [main] com.zaxxer.hikari.HikariDataSource       : HikariPool-1 - Start completed.
2021-09-08 08:50:30.605  INFO 21520 --- [main] o.s.b.a.h2.H2ConsoleAutoConfiguration    : H2 console available at '/h2-console'. Database available at 'jdbc:h2:mem:carapi'
2021-09-08 08:50:30.774  INFO 21520 --- [main] o.hibernate.jpa.internal.util.LogHelper  : HHH000204: Processing PersistenceUnitInfo [name: default]
2021-09-08 08:50:30.806  INFO 21520 --- [main] org.hibernate.Version                    : HHH000412: Hibernate ORM core version 5.4.32.Final
2021-09-08 08:50:30.932  INFO 21520 --- [main] o.hibernate.annotations.common.Version   : HCANN000001: Hibernate Commons Annotations {5.1.2.Final}
2021-09-08 08:50:31.010  INFO 21520 --- [main] org.hibernate.dialect.Dialect            : HHH000400: Using dialect: org.hibernate.dialect.H2Dialect
2021-09-08 08:50:31.376  INFO 21520 --- [main] o.h.e.t.j.p.i.JtaPlatformInitiator       : HHH000490: Using JtaPlatform implementation: [org.hibernate.engine.transaction.jta.platform.internal.NoJtaPlatform]
2021-09-08 08:50:31.383  INFO 21520 --- [main] j.LocalContainerEntityManagerFactoryBean : Initialized JPA EntityManagerFactory for persistence unit 'default'
2021-09-08 08:50:31.701  INFO 21520 --- [main] .s.s.UserDetailsServiceAutoConfiguration : 

Using generated security password: 55fc88c9-d11d-4be1-bb36-d256ffad4a0d

2021-09-08 08:50:31.777  INFO 21520 --- [main] o.s.s.web.DefaultSecurityFilterChain     : Will secure any request with [org.springframework.security.web.context.request.async.WebAsyncManagerIntegrationFilter@30036a18, org.springframework.security.web.context.SecurityContextPersistenceFilter@4af7dd6a, org.springframework.security.web.header.HeaderWriterFilter@3f0ce0d1, org.springframework.security.web.authentication.logout.LogoutFilter@b56ec6c, org.springframework.security.web.savedrequest.RequestCacheAwareFilter@3b28b7b0, org.springframework.security.web.servletapi.SecurityContextHolderAwareRequestFilter@52aa7742, org.springframework.security.web.authentication.AnonymousAuthenticationFilter@537b3b2e, org.springframework.security.web.session.SessionManagementFilter@5844a2d1, org.springframework.security.web.access.ExceptionTranslationFilter@6b25ef1c, org.springframework.security.web.access.intercept.FilterSecurityInterceptor@10fb4575]
2021-09-08 08:50:31.966  WARN 21520 --- [main] ion$DefaultTemplateResolverConfiguration : Cannot find template location: classpath:/templates/ (please add some templates or check your Thymeleaf configuration)
2021-09-08 08:50:32.039  INFO 21520 --- [main] o.s.b.w.embedded.tomcat.TomcatWebServer  : Tomcat started on port(s): 9090 (http) with context path ''
2021-09-08 08:50:32.046  INFO 21520 --- [main] mg.rmahatoky.carapi.CarApiApplication    : Started CarApiApplication in 2.862 seconds (JVM running for 3.578)
2021-09-08 08:50:40.371  INFO 21520 --- [SpringApplicationShutdownHook] j.LocalContainerEntityManagerFactoryBean : Closing JPA EntityManagerFactory for persistence unit 'default'
2021-09-08 08:50:40.373  INFO 21520 --- [SpringApplicationShutdownHook] com.zaxxer.hikari.HikariDataSource       : HikariPool-1 - Shutdown initiated...
2021-09-08 08:50:40.374  INFO 21520 --- [SpringApplicationShutdownHook] com.zaxxer.hikari.HikariDataSource       : HikariPool-1 - Shutdown completed.
